빌드 시작: 2017-06-10 오후 6:20:12
     1>2 노드의 "E:\Apps_dev\Rendering\VCL_Volume_Renderer\VCL_Volume_Renderer\VCL_Volume_Renderer.vcxproj" 프로젝트(Build 대상)입니다.
     1>InitializeBuildStatus:
         "x64\Release\VCL_Volu.36BE1FDE.tlog\unsuccessfulbuild"에 연결(touching)하고 있습니다.
       AddCudaCompileDeps:
       해당 입력 파일과 비교하여 출력 파일이 모두 최신 파일이므로 "AddCudaCompileDeps" 대상을 건너뜁니다.
       AddCudaCompileDeps:
       해당 입력 파일과 비교하여 출력 파일이 모두 최신 파일이므로 "AddCudaCompileDeps" 대상을 건너뜁니다.
       AddCudaCompileDeps:
       해당 입력 파일과 비교하여 출력 파일이 모두 최신 파일이므로 "AddCudaCompileDeps" 대상을 건너뜁니다.
       AddCudaCompileDeps:
       해당 입력 파일과 비교하여 출력 파일이 모두 최신 파일이므로 "AddCudaCompileDeps" 대상을 건너뜁니다.
       AddCudaCompilePropsDeps:
       해당 입력 파일과 비교하여 출력 파일이 모두 최신 파일이므로 "AddCudaCompilePropsDeps" 대상을 건너뜁니다.
       AddCudaCompilePropsDeps:
       해당 입력 파일과 비교하여 출력 파일이 모두 최신 파일이므로 "AddCudaCompilePropsDeps" 대상을 건너뜁니다.
       AddCudaCompilePropsDeps:
       해당 입력 파일과 비교하여 출력 파일이 모두 최신 파일이므로 "AddCudaCompilePropsDeps" 대상을 건너뜁니다.
       AddCudaCompilePropsDeps:
       해당 입력 파일과 비교하여 출력 파일이 모두 최신 파일이므로 "AddCudaCompilePropsDeps" 대상을 건너뜁니다.
     1>"E:\Apps_dev\Rendering\VCL_Volume_Renderer\VCL_Volume_Renderer\VCL_Volume_Renderer.vcxproj"(1) 프로젝트가 2 노드에서 "E:\Apps_dev\Rendering\VCL_Volume_Renderer\VCL_Volume_Renderer\VCL_Volume_Renderer.vcxproj"(1:2)을(를) 빌드하고 있습니다(CudaBuildCore 대상).
     1>CudaBuildCore:
       해당 입력 파일과 비교하여 출력 파일이 모두 최신 파일이므로 "CudaBuildCore" 대상을 건너뜁니다.
     1>"E:\Apps_dev\Rendering\VCL_Volume_Renderer\VCL_Volume_Renderer\VCL_Volume_Renderer.vcxproj" 프로젝트를 빌드했습니다(CudaBuildCore 대상).
     1>"E:\Apps_dev\Rendering\VCL_Volume_Renderer\VCL_Volume_Renderer\VCL_Volume_Renderer.vcxproj"(1) 프로젝트가 1 노드에서 "E:\Apps_dev\Rendering\VCL_Volume_Renderer\VCL_Volume_Renderer\VCL_Volume_Renderer.vcxproj"(1:3)을(를) 빌드하고 있습니다(CudaBuildCore 대상).
     1>CudaBuildCore:
       해당 입력 파일과 비교하여 출력 파일이 모두 최신 파일이므로 "CudaBuildCore" 대상을 건너뜁니다.
     1>"E:\Apps_dev\Rendering\VCL_Volume_Renderer\VCL_Volume_Renderer\VCL_Volume_Renderer.vcxproj" 프로젝트를 빌드했습니다(CudaBuildCore 대상).
     1>"E:\Apps_dev\Rendering\VCL_Volume_Renderer\VCL_Volume_Renderer\VCL_Volume_Renderer.vcxproj"(1) 프로젝트가 3 노드에서 "E:\Apps_dev\Rendering\VCL_Volume_Renderer\VCL_Volume_Renderer\VCL_Volume_Renderer.vcxproj"(1:4)을(를) 빌드하고 있습니다(CudaBuildCore 대상).
     1>CudaBuildCore:
       해당 입력 파일과 비교하여 출력 파일이 모두 최신 파일이므로 "CudaBuildCore" 대상을 건너뜁니다.
     1>"E:\Apps_dev\Rendering\VCL_Volume_Renderer\VCL_Volume_Renderer\VCL_Volume_Renderer.vcxproj" 프로젝트를 빌드했습니다(CudaBuildCore 대상).
     1>"E:\Apps_dev\Rendering\VCL_Volume_Renderer\VCL_Volume_Renderer\VCL_Volume_Renderer.vcxproj"(1) 프로젝트가 4 노드에서 "E:\Apps_dev\Rendering\VCL_Volume_Renderer\VCL_Volume_Renderer\VCL_Volume_Renderer.vcxproj"(1:5)을(를) 빌드하고 있습니다(CudaBuildCore 대상).
     1>CudaBuildCore:
       해당 입력 파일과 비교하여 출력 파일이 모두 최신 파일이므로 "CudaBuildCore" 대상을 건너뜁니다.
     1>"E:\Apps_dev\Rendering\VCL_Volume_Renderer\VCL_Volume_Renderer\VCL_Volume_Renderer.vcxproj" 프로젝트를 빌드했습니다(CudaBuildCore 대상).
     1>ClCompile:
         모든 출력이 최신 상태입니다.
         모든 출력이 최신 상태입니다.
       ResourceCompile:
         모든 출력이 최신 상태입니다.
       Link:
         E:\Coding\Microsoft Visual Studio\VC\bin\x86_amd64\link.exe /ERRORREPORT:PROMPT /OUT:"E:\Apps_dev\Rendering\VCL_Volume_Renderer\x64\Release\VCL_Volume_Renderer.exe" /INCREMENTAL:NO /NOLOGO /LIBPATH:..\_libraries\KAISION\lib /LIBPATH:"C:\Program Files\NVIDIA GPU Computing Toolkit\CUDA\v8.0\lib\x64" cuda.lib cudart.lib kaision_bootstrap.lib kaision_io.lib kaision_array.lib kaision_algebra.lib kaision_color.lib kaision_hello.lib kaision_jpeg.lib kaision_grabber.lib kaision_sound.lib kaision_screen.lib kaision_screen3d.lib kaision_graph_xy.lib kaision_graph_line.lib kaision_classifier.lib kaision_camera_digital.lib kaision_object_geometric.lib kaision_geometry.lib kaision_tempo.lib kaision_graph3d.lib kaision_depth.lib /MANIFEST /MANIFESTUAC:"level='asInvoker' uiAccess='false'" /manifest:embed /manifestinput:"E:\Coding\Microsoft Visual Studio\VC\Include\Manifest\dpiaware.manifest" /DEBUG /PDB:"E:\Apps_dev\Rendering\VCL_Volume_Renderer\x64\Release\VCL_Volume_Renderer.pdb" /SUBSYSTEM:WINDOWS /OPT:REF /OPT:ICF /LTCG /TLBID:1 /ENTRY:"wWinMainCRTStartup" /DYNAMICBASE /NXCOMPAT /IMPLIB:"E:\Apps_dev\Rendering\VCL_Volume_Renderer\x64\Release\VCL_Volume_Renderer.lib" /MACHINE:X64 x64\Release\z_yooji_cuda_math.cu.obj
         x64\Release\z_yooji_cuda_pose_tracker.cu.obj
         x64\Release\z_yooji_cuda_tsdf_renderer.cu.obj
         x64\Release\z_yooji_cuda_volume_integrator.cu.obj
         x64\Release\VCL_Volume_Renderer.res
         x64\Release\MainFrm.obj
         x64\Release\stdafx.obj
         x64\Release\VCL_Volume_Renderer.obj
         x64\Release\VCL_Volume_Renderer_Doc.obj
         x64\Release\VCL_Volume_Renderer_View.obj
         x64\Release\z_yooji_tracking_state.obj
         x64\Release\z_yooji_cube_tsdf_float.obj
         x64\Release\z_yooji_frame_capture.obj
         x64\Release\z_yooji_matrix_rgbd.obj
         x64\Release\z_yooji_scanner_display.obj
         x64\Release\z_yooji_scanner_parameter.obj
         x64\Release\z_yooji_camera_parameters.obj
         코드를 생성하고 있습니다.
         코드를 생성했습니다.
         VCL_Volume_Renderer.vcxproj -> E:\Apps_dev\Rendering\VCL_Volume_Renderer\x64\Release\VCL_Volume_Renderer.exe
       FinalizeBuildStatus:
         "x64\Release\VCL_Volu.36BE1FDE.tlog\unsuccessfulbuild" 파일을 삭제하고 있습니다.
         "x64\Release\VCL_Volu.36BE1FDE.tlog\VCL_Volume_Renderer.lastbuildstate"에 연결(touching)하고 있습니다.
     1>"E:\Apps_dev\Rendering\VCL_Volume_Renderer\VCL_Volume_Renderer\VCL_Volume_Renderer.vcxproj" 프로젝트를 빌드했습니다(Build 대상).

빌드했습니다.

경과 시간: 00:00:04.66
