e:\apps_dev\rendering\vcl_volume_renderer\vcl_volume_renderer\x64\release\vcl_volume_renderer.pch
e:\apps_dev\rendering\vcl_volume_renderer\vcl_volume_renderer\x64\release\vc120.pdb
e:\apps_dev\rendering\vcl_volume_renderer\vcl_volume_renderer\x64\release\stdafx.obj
e:\apps_dev\rendering\vcl_volume_renderer\vcl_volume_renderer\x64\release\z_yooji_volume_integrator.obj
e:\apps_dev\rendering\vcl_volume_renderer\vcl_volume_renderer\x64\release\z_yooji_camera_parameters.obj
e:\apps_dev\rendering\vcl_volume_renderer\vcl_volume_renderer\x64\release\z_yooji_scanner_parameter.obj
e:\apps_dev\rendering\vcl_volume_renderer\vcl_volume_renderer\x64\release\z_yooji_scanner_display.obj
e:\apps_dev\rendering\vcl_volume_renderer\vcl_volume_renderer\x64\release\z_yooji_matrix_rgbd.obj
e:\apps_dev\rendering\vcl_volume_renderer\vcl_volume_renderer\x64\release\z_yooji_frame_capture.obj
e:\apps_dev\rendering\vcl_volume_renderer\vcl_volume_renderer\x64\release\z_yooji_evaluation.obj
e:\apps_dev\rendering\vcl_volume_renderer\vcl_volume_renderer\x64\release\z_yooji_cube_tsdf_float.obj
e:\apps_dev\rendering\vcl_volume_renderer\vcl_volume_renderer\x64\release\z_yooji_camera_tracker.obj
e:\apps_dev\rendering\vcl_volume_renderer\vcl_volume_renderer\x64\release\z_yooji_tracking_state.obj
e:\apps_dev\rendering\vcl_volume_renderer\vcl_volume_renderer\x64\release\vcl_volume_renderer_view.obj
e:\apps_dev\rendering\vcl_volume_renderer\vcl_volume_renderer\x64\release\vcl_volume_renderer_doc.obj
e:\apps_dev\rendering\vcl_volume_renderer\vcl_volume_renderer\x64\release\vcl_volume_renderer.obj
e:\apps_dev\rendering\vcl_volume_renderer\vcl_volume_renderer\x64\release\mainfrm.obj
e:\apps_dev\rendering\vcl_volume_renderer\x64\release\vcl_volume_renderer.exe
e:\apps_dev\rendering\vcl_volume_renderer\x64\release\vcl_volume_renderer.pdb
e:\apps_dev\rendering\vcl_volume_renderer\vcl_volume_renderer\x64\release\vcl_volume_renderer.res
e:\apps_dev\rendering\vcl_volume_renderer\vcl_volume_renderer\x64\release\vcl_volu.36be1fde.tlog\cl.command.1.tlog
e:\apps_dev\rendering\vcl_volume_renderer\vcl_volume_renderer\x64\release\vcl_volu.36be1fde.tlog\cl.read.1.tlog
e:\apps_dev\rendering\vcl_volume_renderer\vcl_volume_renderer\x64\release\vcl_volu.36be1fde.tlog\cl.write.1.tlog
e:\apps_dev\rendering\vcl_volume_renderer\vcl_volume_renderer\x64\release\vcl_volu.36be1fde.tlog\link.command.1.tlog
e:\apps_dev\rendering\vcl_volume_renderer\vcl_volume_renderer\x64\release\vcl_volu.36be1fde.tlog\link.read.1.tlog
e:\apps_dev\rendering\vcl_volume_renderer\vcl_volume_renderer\x64\release\vcl_volu.36be1fde.tlog\link.write.1.tlog
e:\apps_dev\rendering\vcl_volume_renderer\vcl_volume_renderer\x64\release\vcl_volu.36be1fde.tlog\rc.command.1.tlog
e:\apps_dev\rendering\vcl_volume_renderer\vcl_volume_renderer\x64\release\vcl_volu.36be1fde.tlog\rc.read.1.tlog
e:\apps_dev\rendering\vcl_volume_renderer\vcl_volume_renderer\x64\release\vcl_volu.36be1fde.tlog\rc.write.1.tlog
