e:\apps_dev\phd_dissertation\vcl_volume_scanner_v343_2017_1128_1328_object_relocalization\vcl_volume_scanner\x64\release\vc120.pdb
f:\apps_dev\phd_dissertation\vcl_volume_scanner_v343_2017_1128_1328_object_relocalization\vcl_volume_scanner\x64\release\vcl_volume_scanner.pch
f:\apps_dev\phd_dissertation\vcl_volume_scanner_v343_2017_1128_1328_object_relocalization\vcl_volume_scanner\x64\release\vc120.pdb
f:\apps_dev\phd_dissertation\vcl_volume_scanner_v343_2017_1128_1328_object_relocalization\vcl_volume_scanner\x64\release\stdafx.obj
f:\apps_dev\phd_dissertation\vcl_volume_scanner_v343_2017_1128_1328_object_relocalization\vcl_volume_scanner\x64\release\maxflow.obj
f:\apps_dev\phd_dissertation\vcl_volume_scanner_v343_2017_1128_1328_object_relocalization\vcl_volume_scanner\x64\release\graph.obj
f:\apps_dev\phd_dissertation\vcl_volume_scanner_v343_2017_1128_1328_object_relocalization\vcl_volume_scanner\x64\release\z_vcl_ray_carving.obj
f:\apps_dev\phd_dissertation\vcl_volume_scanner_v343_2017_1128_1328_object_relocalization\vcl_volume_scanner\x64\release\z_vcl_mesh_to_dos.obj
f:\apps_dev\phd_dissertation\vcl_volume_scanner_v343_2017_1128_1328_object_relocalization\vcl_volume_scanner\x64\release\z_vcl_docube.obj
f:\apps_dev\phd_dissertation\vcl_volume_scanner_v343_2017_1128_1328_object_relocalization\vcl_volume_scanner\x64\release\z_utility_vcl_3do.obj
f:\apps_dev\phd_dissertation\vcl_volume_scanner_v343_2017_1128_1328_object_relocalization\vcl_volume_scanner\x64\release\z_utility_mesh_generation.obj
f:\apps_dev\phd_dissertation\vcl_volume_scanner_v343_2017_1128_1328_object_relocalization\vcl_volume_scanner\x64\release\z_utility_display.obj
f:\apps_dev\phd_dissertation\vcl_volume_scanner_v343_2017_1128_1328_object_relocalization\vcl_volume_scanner\x64\release\z_yooji_kaision_openni.obj
f:\apps_dev\phd_dissertation\vcl_volume_scanner_v343_2017_1128_1328_object_relocalization\vcl_volume_scanner\x64\release\z_yooji_frame_capture.obj
f:\apps_dev\phd_dissertation\vcl_volume_scanner_v343_2017_1128_1328_object_relocalization\vcl_volume_scanner\x64\release\z_yooji_evaluation.obj
f:\apps_dev\phd_dissertation\vcl_volume_scanner_v343_2017_1128_1328_object_relocalization\vcl_volume_scanner\x64\release\test_odometry.obj
f:\apps_dev\phd_dissertation\vcl_volume_scanner_v343_2017_1128_1328_object_relocalization\vcl_volume_scanner\x64\release\test_boarddetection.obj
f:\apps_dev\phd_dissertation\vcl_volume_scanner_v343_2017_1128_1328_object_relocalization\vcl_volume_scanner\x64\release\z_yooji_interlib_convert.obj
f:\apps_dev\phd_dissertation\vcl_volume_scanner_v343_2017_1128_1328_object_relocalization\vcl_volume_scanner\x64\release\vcl_volume_scanner_view.obj
f:\apps_dev\phd_dissertation\vcl_volume_scanner_v343_2017_1128_1328_object_relocalization\vcl_volume_scanner\x64\release\vcl_volume_scanner_doc.obj
f:\apps_dev\phd_dissertation\vcl_volume_scanner_v343_2017_1128_1328_object_relocalization\vcl_volume_scanner\x64\release\vcl_volume_scanner.obj
f:\apps_dev\phd_dissertation\vcl_volume_scanner_v343_2017_1128_1328_object_relocalization\vcl_volume_scanner\x64\release\jm_contour_detection.obj
f:\apps_dev\phd_dissertation\vcl_volume_scanner_v343_2017_1128_1328_object_relocalization\vcl_volume_scanner\x64\release\mainfrm.obj
f:\apps_dev\phd_dissertation\vcl_volume_scanner_v343_2017_1128_1328_object_relocalization\vcl_volume_scanner\x64\release\z_yooji_tracking_state.obj
f:\apps_dev\phd_dissertation\vcl_volume_scanner_v343_2017_1128_1328_object_relocalization\vcl_volume_scanner\x64\release\z_yooji_scanner_parameter.obj
f:\apps_dev\phd_dissertation\vcl_volume_scanner_v343_2017_1128_1328_object_relocalization\vcl_volume_scanner\x64\release\z_yooji_matrix_rgbd.obj
f:\apps_dev\phd_dissertation\vcl_volume_scanner_v343_2017_1128_1328_object_relocalization\vcl_volume_scanner\x64\release\z_yooji_image_pyramid.obj
f:\apps_dev\phd_dissertation\vcl_volume_scanner_v343_2017_1128_1328_object_relocalization\vcl_volume_scanner\x64\release\z_yooji_edge_map.obj
f:\apps_dev\phd_dissertation\vcl_volume_scanner_v343_2017_1128_1328_object_relocalization\vcl_volume_scanner\x64\release\z_yooji_cube_tsdf_float.obj
f:\apps_dev\phd_dissertation\vcl_volume_scanner_v343_2017_1128_1328_object_relocalization\vcl_volume_scanner\x64\release\z_yooji_camera_parameters.obj
f:\apps_dev\phd_dissertation\vcl_volume_scanner_v343_2017_1128_1328_object_relocalization\vcl_volume_scanner\x64\release\z_yooji_volume_integrator.obj
f:\apps_dev\phd_dissertation\vcl_volume_scanner_v343_2017_1128_1328_object_relocalization\vcl_volume_scanner\x64\release\z_yooji_shape_from_silhouette.obj
f:\apps_dev\phd_dissertation\vcl_volume_scanner_v343_2017_1128_1328_object_relocalization\vcl_volume_scanner\x64\release\z_yooji_scanner_display.obj
f:\apps_dev\phd_dissertation\vcl_volume_scanner_v343_2017_1128_1328_object_relocalization\vcl_volume_scanner\x64\release\z_yooji_object_scanner.obj
f:\apps_dev\phd_dissertation\vcl_volume_scanner_v343_2017_1128_1328_object_relocalization\vcl_volume_scanner\x64\release\z_yooji_object_extractor.obj
f:\apps_dev\phd_dissertation\vcl_volume_scanner_v343_2017_1128_1328_object_relocalization\vcl_volume_scanner\x64\release\z_yooji_image_processor.obj
f:\apps_dev\phd_dissertation\vcl_volume_scanner_v343_2017_1128_1328_object_relocalization\vcl_volume_scanner\x64\release\z_yooji_image_matcher.obj
f:\apps_dev\phd_dissertation\vcl_volume_scanner_v343_2017_1128_1328_object_relocalization\vcl_volume_scanner\x64\release\z_yooji_contour_detection.obj
f:\apps_dev\phd_dissertation\vcl_volume_scanner_v343_2017_1128_1328_object_relocalization\vcl_volume_scanner\x64\release\z_yooji_color_segmentation.obj
f:\apps_dev\phd_dissertation\vcl_volume_scanner_v343_2017_1128_1328_object_relocalization\vcl_volume_scanner\x64\release\z_yooji_camera_tracker.obj
e:\apps_dev\phd_dissertation\vcl_volume_scanner_v343_2017_1128_1328_object_relocalization\x64\release\vcl_volume_scanner.exe
e:\apps_dev\phd_dissertation\vcl_volume_scanner_v343_2017_1128_1328_object_relocalization\x64\release\vcl_volume_scanner.pdb
f:\apps_dev\phd_dissertation\vcl_volume_scanner_v343_2017_1128_1328_object_relocalization\x64\release\vcl_volume_scanner.exe
f:\apps_dev\phd_dissertation\vcl_volume_scanner_v343_2017_1128_1328_object_relocalization\x64\release\vcl_volume_scanner.pdb
f:\apps_dev\phd_dissertation\vcl_volume_scanner_v343_2017_1128_1328_object_relocalization\vcl_volume_scanner\x64\release\vcl_volume_scanner.res
f:\apps_dev\phd_dissertation\vcl_volume_scanner_v343_2017_1128_1328_object_relocalization\vcl_volume_scanner\x64\release\z_yooji_cuda_img_proc.cu.cache
f:\apps_dev\phd_dissertation\vcl_volume_scanner_v343_2017_1128_1328_object_relocalization\vcl_volume_scanner\x64\release\z_yooji_cuda_math.cu.cache
f:\apps_dev\phd_dissertation\vcl_volume_scanner_v343_2017_1128_1328_object_relocalization\vcl_volume_scanner\x64\release\z_yooji_cuda_pose_tracker.cu.cache
f:\apps_dev\phd_dissertation\vcl_volume_scanner_v343_2017_1128_1328_object_relocalization\vcl_volume_scanner\x64\release\z_yooji_cuda_tsdf_renderer.cu.cache
f:\apps_dev\phd_dissertation\vcl_volume_scanner_v343_2017_1128_1328_object_relocalization\vcl_volume_scanner\x64\release\z_yooji_cuda_volume_integrator.cu.cache
f:\apps_dev\phd_dissertation\vcl_volume_scanner_v343_2017_1128_1328_object_relocalization\vcl_volume_scanner\x64\release\z_yooji_cuda_img_proc.cu.obj
f:\apps_dev\phd_dissertation\vcl_volume_scanner_v343_2017_1128_1328_object_relocalization\vcl_volume_scanner\x64\release\z_yooji_cuda_math.cu.obj
f:\apps_dev\phd_dissertation\vcl_volume_scanner_v343_2017_1128_1328_object_relocalization\vcl_volume_scanner\x64\release\z_yooji_cuda_pose_tracker.cu.obj
f:\apps_dev\phd_dissertation\vcl_volume_scanner_v343_2017_1128_1328_object_relocalization\vcl_volume_scanner\x64\release\z_yooji_cuda_tsdf_renderer.cu.obj
f:\apps_dev\phd_dissertation\vcl_volume_scanner_v343_2017_1128_1328_object_relocalization\vcl_volume_scanner\x64\release\z_yooji_cuda_volume_integrator.cu.obj
f:\apps_dev\phd_dissertation\vcl_volume_scanner_v343_2017_1128_1328_object_relocalization\vcl_volume_scanner\x64\release\vcl_volu.36be1fde.tlog\cl.command.1.tlog
f:\apps_dev\phd_dissertation\vcl_volume_scanner_v343_2017_1128_1328_object_relocalization\vcl_volume_scanner\x64\release\vcl_volu.36be1fde.tlog\cl.read.1.tlog
f:\apps_dev\phd_dissertation\vcl_volume_scanner_v343_2017_1128_1328_object_relocalization\vcl_volume_scanner\x64\release\vcl_volu.36be1fde.tlog\cl.write.1.tlog
f:\apps_dev\phd_dissertation\vcl_volume_scanner_v343_2017_1128_1328_object_relocalization\vcl_volume_scanner\x64\release\vcl_volu.36be1fde.tlog\link.command.1.tlog
f:\apps_dev\phd_dissertation\vcl_volume_scanner_v343_2017_1128_1328_object_relocalization\vcl_volume_scanner\x64\release\vcl_volu.36be1fde.tlog\link.read.1.tlog
f:\apps_dev\phd_dissertation\vcl_volume_scanner_v343_2017_1128_1328_object_relocalization\vcl_volume_scanner\x64\release\vcl_volu.36be1fde.tlog\link.write.1.tlog
f:\apps_dev\phd_dissertation\vcl_volume_scanner_v343_2017_1128_1328_object_relocalization\vcl_volume_scanner\x64\release\vcl_volu.36be1fde.tlog\rc.command.1.tlog
f:\apps_dev\phd_dissertation\vcl_volume_scanner_v343_2017_1128_1328_object_relocalization\vcl_volume_scanner\x64\release\vcl_volu.36be1fde.tlog\rc.read.1.tlog
f:\apps_dev\phd_dissertation\vcl_volume_scanner_v343_2017_1128_1328_object_relocalization\vcl_volume_scanner\x64\release\vcl_volu.36be1fde.tlog\rc.write.1.tlog
